0 info it worked if it ends with ok
1 verbose cli [ 'C:\\Program Files\\nodejs\\\\node.exe',
1 verbose cli   'C:\\Program Files\\nodejs\\node_modules\\npm\\bin\\npm-cli.js',
1 verbose cli   'install',
1 verbose cli   'bcrypt' ]
2 info using npm@2.10.1
3 info using node@v0.12.4
4 verbose install initial load of C:\Users\jgardner\Documents\GitHub\stalker-service\package.json
5 warn package.json stalker@0.0.0 No description
6 warn package.json stalker@0.0.0 No repository field.
7 warn package.json stalker@0.0.0 No README data
8 warn package.json stalker@0.0.0 No license field.
9 verbose installManyTop reading scoped package data from C:\Users\jgardner\Documents\GitHub\stalker-service\node_modules\body-parser\package.json
10 verbose installManyTop reading scoped package data from C:\Users\jgardner\Documents\GitHub\stalker-service\node_modules\chai\package.json
11 verbose installManyTop reading scoped package data from C:\Users\jgardner\Documents\GitHub\stalker-service\node_modules\chai-json-schema\package.json
12 verbose installManyTop reading scoped package data from C:\Users\jgardner\Documents\GitHub\stalker-service\node_modules\cookie-parser\package.json
13 verbose installManyTop reading scoped package data from C:\Users\jgardner\Documents\GitHub\stalker-service\node_modules\cors\package.json
14 verbose installManyTop reading scoped package data from C:\Users\jgardner\Documents\GitHub\stalker-service\node_modules\ejs\package.json
15 verbose installManyTop reading scoped package data from C:\Users\jgardner\Documents\GitHub\stalker-service\node_modules\express\package.json
16 verbose installManyTop reading scoped package data from C:\Users\jgardner\Documents\GitHub\stalker-service\node_modules\express-jwt\package.json
17 verbose installManyTop reading scoped package data from C:\Users\jgardner\Documents\GitHub\stalker-service\node_modules\express-session\package.json
18 verbose installManyTop reading scoped package data from C:\Users\jgardner\Documents\GitHub\stalker-service\node_modules\jsonwebtoken\package.json
19 verbose installManyTop reading scoped package data from C:\Users\jgardner\Documents\GitHub\stalker-service\node_modules\lodash\package.json
20 verbose installManyTop reading scoped package data from C:\Users\jgardner\Documents\GitHub\stalker-service\node_modules\method-override\package.json
21 verbose installManyTop reading scoped package data from C:\Users\jgardner\Documents\GitHub\stalker-service\node_modules\mocha\package.json
22 verbose installManyTop reading scoped package data from C:\Users\jgardner\Documents\GitHub\stalker-service\node_modules\moment\package.json
23 verbose installManyTop reading scoped package data from C:\Users\jgardner\Documents\GitHub\stalker-service\node_modules\mongoose\package.json
24 verbose installManyTop reading scoped package data from C:\Users\jgardner\Documents\GitHub\stalker-service\node_modules\morgan\package.json
25 verbose installManyTop reading scoped package data from C:\Users\jgardner\Documents\GitHub\stalker-service\node_modules\object-assign\package.json
26 verbose installManyTop reading scoped package data from C:\Users\jgardner\Documents\GitHub\stalker-service\node_modules\passport\package.json
27 verbose installManyTop reading scoped package data from C:\Users\jgardner\Documents\GitHub\stalker-service\node_modules\passport-auth0\package.json
28 verbose installManyTop reading scoped package data from C:\Users\jgardner\Documents\GitHub\stalker-service\node_modules\passport-facebook\package.json
29 verbose installManyTop reading scoped package data from C:\Users\jgardner\Documents\GitHub\stalker-service\node_modules\passport-local\package.json
30 verbose installManyTop reading scoped package data from C:\Users\jgardner\Documents\GitHub\stalker-service\node_modules\pg\package.json
31 verbose installManyTop reading scoped package data from C:\Users\jgardner\Documents\GitHub\stalker-service\node_modules\pg-promise\package.json
32 verbose installManyTop reading scoped package data from C:\Users\jgardner\Documents\GitHub\stalker-service\node_modules\relevancy\package.json
33 verbose installManyTop reading scoped package data from C:\Users\jgardner\Documents\GitHub\stalker-service\node_modules\sequelize\package.json
34 verbose installManyTop reading scoped package data from C:\Users\jgardner\Documents\GitHub\stalker-service\node_modules\should\package.json
35 verbose installManyTop reading scoped package data from C:\Users\jgardner\Documents\GitHub\stalker-service\node_modules\supertest\package.json
36 verbose installManyTop reading scoped package data from C:\Users\jgardner\Documents\GitHub\stalker-service\node_modules\swig\package.json
37 info package.json chai-json-schema@1.2.0 No license field.
38 info package.json relevancy@0.2.0 No license field.
39 info package.json express-jwt@3.3.0 No license field.
40 info package.json cookie-parser@1.0.1 No license field.
41 info package.json passport-local@1.0.0 No license field.
42 info package.json passport-facebook@2.0.0 No license field.
43 verbose readDependencies loading dependencies from C:\Users\jgardner\Documents\GitHub\stalker-service\package.json
44 silly cache add args [ 'bcrypt@^0.8.5', null ]
45 verbose cache add spec bcrypt@^0.8.5
46 silly cache add parsed spec { raw: 'bcrypt@^0.8.5',
46 silly cache add   scope: null,
46 silly cache add   name: 'bcrypt',
46 silly cache add   rawSpec: '^0.8.5',
46 silly cache add   spec: '>=0.8.5 <0.9.0',
46 silly cache add   type: 'range' }
47 silly addNamed bcrypt@>=0.8.5 <0.9.0
48 verbose addNamed ">=0.8.5 <0.9.0" is a valid semver range for bcrypt
49 silly addNameRange { name: 'bcrypt', range: '>=0.8.5 <0.9.0', hasData: false }
50 silly mapToRegistry name bcrypt
51 silly mapToRegistry using default registry
52 silly mapToRegistry registry https://registry.npmjs.org/
53 silly mapToRegistry uri https://registry.npmjs.org/bcrypt
54 verbose addNameRange registry:https://registry.npmjs.org/bcrypt not in flight; fetching
55 verbose request uri https://registry.npmjs.org/bcrypt
56 verbose request no auth needed
57 info attempt registry request try #1 at 12:51:16 PM
58 verbose request id 9bc464ea9e644e99
59 verbose etag "EHDGNY4HJXONALKXXNRU39WNO"
60 http request GET https://registry.npmjs.org/bcrypt
61 http 304 https://registry.npmjs.org/bcrypt
62 silly get cb [ 304,
62 silly get   { date: 'Fri, 15 Jan 2016 12:51:16 GMT',
62 silly get     via: '1.1 varnish',
62 silly get     'cache-control': 'max-age=300',
62 silly get     etag: '"EHDGNY4HJXONALKXXNRU39WNO"',
62 silly get     age: '251',
62 silly get     connection: 'keep-alive',
62 silly get     'x-served-by': 'cache-lcy1124-LCY',
62 silly get     'x-cache': 'HIT',
62 silly get     'x-cache-hits': '1',
62 silly get     'x-timer': 'S1452862276.657614,VS0,VE0',
62 silly get     vary: 'Accept' } ]
63 verbose etag https://registry.npmjs.org/bcrypt from cache
64 verbose get saving bcrypt to C:\Users\jgardner\AppData\Roaming\npm-cache\registry.npmjs.org\bcrypt\.cache.json
65 silly addNameRange number 2 { name: 'bcrypt', range: '>=0.8.5 <0.9.0', hasData: true }
66 silly addNameRange versions [ 'bcrypt',
66 silly addNameRange   [ '0.1.2',
66 silly addNameRange     '0.2.0',
66 silly addNameRange     '0.2.1',
66 silly addNameRange     '0.1.3',
66 silly addNameRange     '0.2.2',
66 silly addNameRange     '0.2.3',
66 silly addNameRange     '0.2.4',
66 silly addNameRange     '0.3.0',
66 silly addNameRange     '0.3.1',
66 silly addNameRange     '0.3.2',
66 silly addNameRange     '0.4.0',
66 silly addNameRange     '0.4.1',
66 silly addNameRange     '0.5.0',
66 silly addNameRange     '0.6.0',
66 silly addNameRange     '0.7.0',
66 silly addNameRange     '0.7.1',
66 silly addNameRange     '0.7.2',
66 silly addNameRange     '0.7.3',
66 silly addNameRange     '0.7.4',
66 silly addNameRange     '0.7.5',
66 silly addNameRange     '0.7.6',
66 silly addNameRange     '0.7.7',
66 silly addNameRange     '0.7.8',
66 silly addNameRange     '0.8.0',
66 silly addNameRange     '0.8.1',
66 silly addNameRange     '0.8.2',
66 silly addNameRange     '0.8.3',
66 silly addNameRange     '0.8.4',
66 silly addNameRange     '0.8.5' ] ]
67 silly addNamed bcrypt@0.8.5
68 verbose addNamed "0.8.5" is a plain semver version for bcrypt
69 silly cache afterAdd bcrypt@0.8.5
70 verbose afterAdd C:\Users\jgardner\AppData\Roaming\npm-cache\bcrypt\0.8.5\package\package.json not in flight; writing
71 verbose afterAdd C:\Users\jgardner\AppData\Roaming\npm-cache\bcrypt\0.8.5\package\package.json written
72 silly install resolved [ { name: 'bcrypt',
72 silly install resolved     description: 'A bcrypt library for NodeJS.',
72 silly install resolved     keywords:
72 silly install resolved      [ 'bcrypt',
72 silly install resolved        'password',
72 silly install resolved        'auth',
72 silly install resolved        'authentication',
72 silly install resolved        'encryption',
72 silly install resolved        'crypt',
72 silly install resolved        'crypto' ],
72 silly install resolved     main: './bcrypt',
72 silly install resolved     version: '0.8.5',
72 silly install resolved     author: { name: 'Nick Campbell', url: 'https://github.com/ncb000gt' },
72 silly install resolved     engines: { node: '>= 0.6.0' },
72 silly install resolved     repository:
72 silly install resolved      { type: 'git',
72 silly install resolved        url: 'git+https://github.com/ncb000gt/node.bcrypt.js.git' },
72 silly install resolved     license: 'MIT',
72 silly install resolved     bugs: { url: 'https://github.com/ncb000gt/node.bcrypt.js/issues' },
72 silly install resolved     scripts:
72 silly install resolved      { test: 'node-gyp configure build && nodeunit test',
72 silly install resolved        install: 'node-gyp rebuild' },
72 silly install resolved     dependencies: { bindings: '1.2.1', nan: '2.0.5' },
72 silly install resolved     devDependencies: { nodeunit: '~0.9.1' },
72 silly install resolved     contributors:
72 silly install resolved      [ [Object],
72 silly install resolved        [Object],
72 silly install resolved        [Object],
72 silly install resolved        [Object],
72 silly install resolved        [Object],
72 silly install resolved        [Object],
72 silly install resolved        [Object],
72 silly install resolved        [Object],
72 silly install resolved        [Object],
72 silly install resolved        [Object],
72 silly install resolved        [Object],
72 silly install resolved        [Object],
72 silly install resolved        [Object],
72 silly install resolved        [Object] ],
72 silly install resolved     gypfile: true,
72 silly install resolved     gitHead: '5d97708f06754d7d7989c67ba867002d10013615',
72 silly install resolved     homepage: 'https://github.com/ncb000gt/node.bcrypt.js#readme',
72 silly install resolved     _id: 'bcrypt@0.8.5',
72 silly install resolved     _shasum: '8e5b81b4db80e944f440005979ca8d58a961861d',
72 silly install resolved     _from: 'bcrypt@>=0.8.5 <0.9.0',
72 silly install resolved     _npmVersion: '2.13.3',
72 silly install resolved     _nodeVersion: '3.0.0',
72 silly install resolved     _npmUser: { name: 'defunctzombie', email: 'shtylman@gmail.com' },
72 silly install resolved     dist:
72 silly install resolved      { shasum: '8e5b81b4db80e944f440005979ca8d58a961861d',
72 silly install resolved        tarball: 'http://registry.npmjs.org/bcrypt/-/bcrypt-0.8.5.tgz' },
72 silly install resolved     maintainers: [ [Object], [Object], [Object], [Object] ],
72 silly install resolved     directories: {},
72 silly install resolved     _resolved: 'https://registry.npmjs.org/bcrypt/-/bcrypt-0.8.5.tgz',
72 silly install resolved     readme: 'ERROR: No README data found!' } ]
73 info install bcrypt@0.8.5 into C:\Users\jgardner\Documents\GitHub\stalker-service
74 info installOne bcrypt@0.8.5
75 verbose installOne of bcrypt to C:\Users\jgardner\Documents\GitHub\stalker-service not in flight; installing
76 verbose lock using C:\Users\jgardner\AppData\Roaming\npm-cache\_locks\bcrypt-6f8f118873ac3e69.lock for C:\Users\jgardner\Documents\GitHub\stalker-service\node_modules\bcrypt
77 silly install write writing bcrypt 0.8.5 to C:\Users\jgardner\Documents\GitHub\stalker-service\node_modules\bcrypt
78 verbose unbuild node_modules\bcrypt
79 silly gentlyRm C:\Users\jgardner\Documents\GitHub\stalker-service\node_modules\bcrypt is being purged from base C:\Users\jgardner\Documents\GitHub\stalker-service
80 verbose gentlyRm don't care about contents; nuking C:\Users\jgardner\Documents\GitHub\stalker-service\node_modules\bcrypt
81 verbose tar unpack C:\Users\jgardner\AppData\Roaming\npm-cache\bcrypt\0.8.5\package.tgz
82 verbose tar unpacking to C:\Users\jgardner\Documents\GitHub\stalker-service\node_modules\bcrypt
83 silly gentlyRm C:\Users\jgardner\Documents\GitHub\stalker-service\node_modules\bcrypt is being purged
84 verbose gentlyRm don't care about contents; nuking C:\Users\jgardner\Documents\GitHub\stalker-service\node_modules\bcrypt
85 silly gunzTarPerm modes [ '777', '666' ]
86 silly gunzTarPerm extractEntry package.json
87 silly gunzTarPerm modified mode [ 'package.json', 420, 438 ]
88 silly gunzTarPerm extractEntry .npmignore
89 silly gunzTarPerm modified mode [ '.npmignore', 420, 438 ]
90 silly gunzTarPerm extractEntry README.md
91 silly gunzTarPerm modified mode [ 'README.md', 420, 438 ]
92 silly gunzTarPerm extractEntry LICENSE
93 silly gunzTarPerm modified mode [ 'LICENSE', 420, 438 ]
94 silly gunzTarPerm extractEntry bcrypt.js
95 silly gunzTarPerm modified mode [ 'bcrypt.js', 420, 438 ]
96 silly gunzTarPerm extractEntry binding.gyp
97 silly gunzTarPerm modified mode [ 'binding.gyp', 420, 438 ]
98 silly gunzTarPerm extractEntry .travis.yml
99 silly gunzTarPerm modified mode [ '.travis.yml', 420, 438 ]
100 silly gunzTarPerm extractEntry CHANGELOG.md
101 silly gunzTarPerm modified mode [ 'CHANGELOG.md', 420, 438 ]
102 silly gunzTarPerm extractEntry examples/async_compare.js
103 silly gunzTarPerm modified mode [ 'examples/async_compare.js', 420, 438 ]
104 silly gunzTarPerm extractEntry examples/forever_gen_salt.js
105 silly gunzTarPerm modified mode [ 'examples/forever_gen_salt.js', 420, 438 ]
106 silly gunzTarPerm extractEntry test/async.js
107 silly gunzTarPerm modified mode [ 'test/async.js', 420, 438 ]
108 silly gunzTarPerm extractEntry test/repetitions.js
109 silly gunzTarPerm modified mode [ 'test/repetitions.js', 420, 438 ]
110 silly gunzTarPerm extractEntry test/sync.js
111 silly gunzTarPerm modified mode [ 'test/sync.js', 420, 438 ]
112 silly gunzTarPerm extractEntry Makefile
113 silly gunzTarPerm modified mode [ 'Makefile', 420, 438 ]
114 silly gunzTarPerm extractEntry src/bcrypt.cc
115 silly gunzTarPerm modified mode [ 'src/bcrypt.cc', 420, 438 ]
116 silly gunzTarPerm extractEntry src/bcrypt_node.cc
117 silly gunzTarPerm modified mode [ 'src/bcrypt_node.cc', 420, 438 ]
118 silly gunzTarPerm extractEntry src/blowfish.cc
119 silly gunzTarPerm modified mode [ 'src/blowfish.cc', 420, 438 ]
120 silly gunzTarPerm extractEntry src/node_blf.h
121 silly gunzTarPerm modified mode [ 'src/node_blf.h', 420, 438 ]
122 silly gunzTarPerm extractEntry werker.yml
123 silly gunzTarPerm modified mode [ 'werker.yml', 420, 438 ]
124 verbose write writing to C:\Users\jgardner\Documents\GitHub\stalker-service\node_modules\bcrypt\package.json
125 info preinstall bcrypt@0.8.5
126 verbose readDependencies loading dependencies from C:\Users\jgardner\Documents\GitHub\stalker-service\node_modules\bcrypt\package.json
127 silly prepareForInstallMany adding bindings@1.2.1 from bcrypt dependencies
128 silly prepareForInstallMany adding nan@2.0.5 from bcrypt dependencies
129 verbose readDependencies loading dependencies from C:\Users\jgardner\Documents\GitHub\stalker-service\node_modules\bcrypt\package.json
130 silly cache add args [ 'bindings@1.2.1', null ]
131 verbose cache add spec bindings@1.2.1
132 silly cache add args [ 'nan@2.0.5', null ]
133 verbose cache add spec nan@2.0.5
134 silly cache add parsed spec { raw: 'bindings@1.2.1',
134 silly cache add   scope: null,
134 silly cache add   name: 'bindings',
134 silly cache add   rawSpec: '1.2.1',
134 silly cache add   spec: '1.2.1',
134 silly cache add   type: 'version' }
135 silly addNamed bindings@1.2.1
136 verbose addNamed "1.2.1" is a plain semver version for bindings
137 silly mapToRegistry name bindings
138 silly mapToRegistry using default registry
139 silly mapToRegistry registry https://registry.npmjs.org/
140 silly mapToRegistry uri https://registry.npmjs.org/bindings
141 verbose addNameVersion registry:https://registry.npmjs.org/bindings not in flight; fetching
142 silly cache add parsed spec { raw: 'nan@2.0.5',
142 silly cache add   scope: null,
142 silly cache add   name: 'nan',
142 silly cache add   rawSpec: '2.0.5',
142 silly cache add   spec: '2.0.5',
142 silly cache add   type: 'version' }
143 silly addNamed nan@2.0.5
144 verbose addNamed "2.0.5" is a plain semver version for nan
145 silly mapToRegistry name nan
146 silly mapToRegistry using default registry
147 silly mapToRegistry registry https://registry.npmjs.org/
148 silly mapToRegistry uri https://registry.npmjs.org/nan
149 verbose addNameVersion registry:https://registry.npmjs.org/nan not in flight; fetching
150 verbose request uri https://registry.npmjs.org/bindings
151 verbose request no auth needed
152 info attempt registry request try #1 at 12:51:17 PM
153 verbose etag "1LLBF9OH58DLBEL4629U6032D"
154 http request GET https://registry.npmjs.org/bindings
155 verbose request uri https://registry.npmjs.org/nan
156 verbose request no auth needed
157 info attempt registry request try #1 at 12:51:17 PM
158 verbose etag "798MRG5PQ3TIGV0CLUOSQMVAG"
159 http request GET https://registry.npmjs.org/nan
160 http 304 https://registry.npmjs.org/bindings
161 silly get cb [ 304,
161 silly get   { date: 'Fri, 15 Jan 2016 12:51:16 GMT',
161 silly get     via: '1.1 varnish',
161 silly get     'cache-control': 'max-age=300',
161 silly get     etag: '"1LLBF9OH58DLBEL4629U6032D"',
161 silly get     age: '168',
161 silly get     connection: 'keep-alive',
161 silly get     'x-served-by': 'cache-lcy1130-LCY',
161 silly get     'x-cache': 'HIT',
161 silly get     'x-cache-hits': '2',
161 silly get     'x-timer': 'S1452862276.853792,VS0,VE0',
161 silly get     vary: 'Accept' } ]
162 verbose etag https://registry.npmjs.org/bindings from cache
163 verbose get saving bindings to C:\Users\jgardner\AppData\Roaming\npm-cache\registry.npmjs.org\bindings\.cache.json
164 http 304 https://registry.npmjs.org/nan
165 silly get cb [ 304,
165 silly get   { date: 'Fri, 15 Jan 2016 12:51:16 GMT',
165 silly get     via: '1.1 varnish',
165 silly get     'cache-control': 'max-age=300',
165 silly get     etag: '"798MRG5PQ3TIGV0CLUOSQMVAG"',
165 silly get     age: '260',
165 silly get     connection: 'keep-alive',
165 silly get     'x-served-by': 'cache-lcy1135-LCY',
165 silly get     'x-cache': 'HIT',
165 silly get     'x-cache-hits': '5',
165 silly get     'x-timer': 'S1452862276.858335,VS0,VE0',
165 silly get     vary: 'Accept' } ]
166 verbose etag https://registry.npmjs.org/nan from cache
167 verbose get saving nan to C:\Users\jgardner\AppData\Roaming\npm-cache\registry.npmjs.org\nan\.cache.json
168 silly cache afterAdd bindings@1.2.1
169 verbose afterAdd C:\Users\jgardner\AppData\Roaming\npm-cache\bindings\1.2.1\package\package.json not in flight; writing
170 silly cache afterAdd nan@2.0.5
171 verbose afterAdd C:\Users\jgardner\AppData\Roaming\npm-cache\nan\2.0.5\package\package.json not in flight; writing
172 verbose afterAdd C:\Users\jgardner\AppData\Roaming\npm-cache\bindings\1.2.1\package\package.json written
173 verbose afterAdd C:\Users\jgardner\AppData\Roaming\npm-cache\nan\2.0.5\package\package.json written
174 silly install resolved [ { name: 'bindings',
174 silly install resolved     description: 'Helper module for loading your native module\'s .node file',
174 silly install resolved     keywords: [ 'native', 'addon', 'bindings', 'gyp', 'waf', 'c', 'c++' ],
174 silly install resolved     version: '1.2.1',
174 silly install resolved     author:
174 silly install resolved      { name: 'Nathan Rajlich',
174 silly install resolved        email: 'nathan@tootallnate.net',
174 silly install resolved        url: 'http://tootallnate.net' },
174 silly install resolved     repository:
174 silly install resolved      { type: 'git',
174 silly install resolved        url: 'git://github.com/TooTallNate/node-bindings.git' },
174 silly install resolved     main: './bindings.js',
174 silly install resolved     bugs: { url: 'https://github.com/TooTallNate/node-bindings/issues' },
174 silly install resolved     homepage: 'https://github.com/TooTallNate/node-bindings',
174 silly install resolved     license: 'MIT',
174 silly install resolved     gitHead: 'e404152ee27f8478ccbc7122ee051246e8e5ec02',
174 silly install resolved     _id: 'bindings@1.2.1',
174 silly install resolved     scripts: {},
174 silly install resolved     _shasum: '14ad6113812d2d37d72e67b4cacb4bb726505f11',
174 silly install resolved     _from: 'bindings@1.2.1',
174 silly install resolved     _npmVersion: '1.4.14',
174 silly install resolved     _npmUser: { name: 'tootallnate', email: 'nathan@tootallnate.net' },
174 silly install resolved     maintainers: [ [Object], [Object] ],
174 silly install resolved     dist:
174 silly install resolved      { shasum: '14ad6113812d2d37d72e67b4cacb4bb726505f11',
174 silly install resolved        tarball: 'http://registry.npmjs.org/bindings/-/bindings-1.2.1.tgz' },
174 silly install resolved     directories: {},
174 silly install resolved     _resolved: 'https://registry.npmjs.org/bindings/-/bindings-1.2.1.tgz',
174 silly install resolved     readme: 'ERROR: No README data found!' },
174 silly install resolved   { name: 'nan',
174 silly install resolved     version: '2.0.5',
174 silly install resolved     description: 'Native Abstractions for Node.js: C++ header for Node 0.8->0.12 compatibility',
174 silly install resolved     main: 'include_dirs.js',
174 silly install resolved     repository: { type: 'git', url: 'git://github.com/nodejs/nan.git' },
174 silly install resolved     scripts:
174 silly install resolved      { test: 'tap --gc test/js/*-test.js',
174 silly install resolved        'rebuild-tests': 'pangyp rebuild --msvs_version=2013 --directory test',
174 silly install resolved        docs: 'doc/.build.sh' },
174 silly install resolved     contributors:
174 silly install resolved      [ [Object],
174 silly install resolved        [Object],
174 silly install resolved        [Object],
174 silly install resolved        [Object],
174 silly install resolved        [Object],
174 silly install resolved        [Object],
174 silly install resolved        [Object] ],
174 silly install resolved     devDependencies:
174 silly install resolved      { bindings: '~1.2.1',
174 silly install resolved        'node-gyp': '~2.0.2',
174 silly install resolved        pangyp: '~2.2.0',
174 silly install resolved        tap: '~0.7.1',
174 silly install resolved        xtend: '~4.0.0' },
174 silly install resolved     license: 'MIT',
174 silly install resolved     gitHead: 'd13a2e9ce762fd130877b53c71d35963fa2cf689',
174 silly install resolved     bugs: { url: 'https://github.com/nodejs/nan/issues' },
174 silly install resolved     homepage: 'https://github.com/nodejs/nan#readme',
174 silly install resolved     _id: 'nan@2.0.5',
174 silly install resolved     _shasum: '365888014be1fd178db0cbfa258edf7b0cb1c408',
174 silly install resolved     _from: 'nan@2.0.5',
174 silly install resolved     _npmVersion: '2.13.3',
174 silly install resolved     _nodeVersion: '3.0.0',
174 silly install resolved     _npmUser: { name: 'kkoopa', email: 'bbyholm@abo.fi' },
174 silly install resolved     maintainers: [ [Object], [Object] ],
174 silly install resolved     dist:
174 silly install resolved      { shasum: '365888014be1fd178db0cbfa258edf7b0cb1c408',
174 silly install resolved        tarball: 'http://registry.npmjs.org/nan/-/nan-2.0.5.tgz' },
174 silly install resolved     directories: {},
174 silly install resolved     _resolved: 'https://registry.npmjs.org/nan/-/nan-2.0.5.tgz',
174 silly install resolved     readme: 'ERROR: No README data found!' } ]
175 info install bindings@1.2.1 into C:\Users\jgardner\Documents\GitHub\stalker-service\node_modules\bcrypt
176 info install nan@2.0.5 into C:\Users\jgardner\Documents\GitHub\stalker-service\node_modules\bcrypt
177 info installOne bindings@1.2.1
178 verbose installOne of bindings to C:\Users\jgardner\Documents\GitHub\stalker-service\node_modules\bcrypt not in flight; installing
179 info installOne nan@2.0.5
180 verbose installOne of nan to C:\Users\jgardner\Documents\GitHub\stalker-service\node_modules\bcrypt not in flight; installing
181 verbose lock using C:\Users\jgardner\AppData\Roaming\npm-cache\_locks\nan-e0fd4fe5a6e7e688.lock for C:\Users\jgardner\Documents\GitHub\stalker-service\node_modules\bcrypt\node_modules\nan
182 verbose lock using C:\Users\jgardner\AppData\Roaming\npm-cache\_locks\bindings-2006a75c93b56e09.lock for C:\Users\jgardner\Documents\GitHub\stalker-service\node_modules\bcrypt\node_modules\bindings
183 silly install write writing nan 2.0.5 to C:\Users\jgardner\Documents\GitHub\stalker-service\node_modules\bcrypt\node_modules\nan
184 silly install write writing bindings 1.2.1 to C:\Users\jgardner\Documents\GitHub\stalker-service\node_modules\bcrypt\node_modules\bindings
185 verbose unbuild node_modules\bcrypt\node_modules\nan
186 verbose unbuild node_modules\bcrypt\node_modules\bindings
187 silly gentlyRm C:\Users\jgardner\Documents\GitHub\stalker-service\node_modules\bcrypt\node_modules\nan is being purged from base C:\Users\jgardner\Documents\GitHub\stalker-service
188 verbose gentlyRm don't care about contents; nuking C:\Users\jgardner\Documents\GitHub\stalker-service\node_modules\bcrypt\node_modules\nan
189 verbose tar unpack C:\Users\jgardner\AppData\Roaming\npm-cache\nan\2.0.5\package.tgz
190 verbose tar unpacking to C:\Users\jgardner\Documents\GitHub\stalker-service\node_modules\bcrypt\node_modules\nan
191 silly gentlyRm C:\Users\jgardner\Documents\GitHub\stalker-service\node_modules\bcrypt\node_modules\nan is being purged
192 verbose gentlyRm don't care about contents; nuking C:\Users\jgardner\Documents\GitHub\stalker-service\node_modules\bcrypt\node_modules\nan
193 silly gentlyRm C:\Users\jgardner\Documents\GitHub\stalker-service\node_modules\bcrypt\node_modules\bindings is being purged from base C:\Users\jgardner\Documents\GitHub\stalker-service
194 verbose gentlyRm don't care about contents; nuking C:\Users\jgardner\Documents\GitHub\stalker-service\node_modules\bcrypt\node_modules\bindings
195 silly gunzTarPerm modes [ '777', '666' ]
196 verbose tar unpack C:\Users\jgardner\AppData\Roaming\npm-cache\bindings\1.2.1\package.tgz
197 verbose tar unpacking to C:\Users\jgardner\Documents\GitHub\stalker-service\node_modules\bcrypt\node_modules\bindings
198 silly gentlyRm C:\Users\jgardner\Documents\GitHub\stalker-service\node_modules\bcrypt\node_modules\bindings is being purged
199 verbose gentlyRm don't care about contents; nuking C:\Users\jgardner\Documents\GitHub\stalker-service\node_modules\bcrypt\node_modules\bindings
200 silly gunzTarPerm modes [ '777', '666' ]
201 silly gunzTarPerm extractEntry package.json
202 silly gunzTarPerm modified mode [ 'package.json', 436, 438 ]
203 silly gunzTarPerm extractEntry package.json
204 silly gunzTarPerm modified mode [ 'package.json', 420, 438 ]
205 silly gunzTarPerm extractEntry README.md
206 silly gunzTarPerm modified mode [ 'README.md', 436, 438 ]
207 silly gunzTarPerm extractEntry include_dirs.js
208 silly gunzTarPerm modified mode [ 'include_dirs.js', 436, 438 ]
209 silly gunzTarPerm extractEntry README.md
210 silly gunzTarPerm modified mode [ 'README.md', 420, 438 ]
211 silly gunzTarPerm extractEntry bindings.js
212 silly gunzTarPerm modified mode [ 'bindings.js', 420, 438 ]
213 silly gunzTarPerm extractEntry nan_converters.h
214 silly gunzTarPerm modified mode [ 'nan_converters.h', 436, 438 ]
215 silly gunzTarPerm extractEntry LICENSE.md
216 silly gunzTarPerm modified mode [ 'LICENSE.md', 436, 438 ]
217 silly gunzTarPerm extractEntry .dntrc
218 silly gunzTarPerm modified mode [ '.dntrc', 436, 438 ]
219 silly gunzTarPerm extractEntry appveyor.yml
220 silly gunzTarPerm modified mode [ 'appveyor.yml', 436, 438 ]
221 verbose write writing to C:\Users\jgardner\Documents\GitHub\stalker-service\node_modules\bcrypt\node_modules\bindings\package.json
222 silly gunzTarPerm extractEntry doc/new.md
223 silly gunzTarPerm modified mode [ 'doc/new.md', 436, 438 ]
224 silly gunzTarPerm extractEntry doc/.build.sh
225 silly gunzTarPerm modified mode [ 'doc/.build.sh', 509, 511 ]
226 info preinstall bindings@1.2.1
227 verbose readDependencies loading dependencies from C:\Users\jgardner\Documents\GitHub\stalker-service\node_modules\bcrypt\node_modules\bindings\package.json
228 verbose readDependencies loading dependencies from C:\Users\jgardner\Documents\GitHub\stalker-service\node_modules\bcrypt\node_modules\bindings\package.json
229 silly install resolved []
230 verbose about to build C:\Users\jgardner\Documents\GitHub\stalker-service\node_modules\bcrypt\node_modules\bindings
231 info build C:\Users\jgardner\Documents\GitHub\stalker-service\node_modules\bcrypt\node_modules\bindings
232 info linkStuff bindings@1.2.1
233 silly linkStuff bindings@1.2.1 has C:\Users\jgardner\Documents\GitHub\stalker-service\node_modules\bcrypt\node_modules as its parent node_modules
234 verbose linkBins bindings@1.2.1
235 verbose linkMans bindings@1.2.1
236 verbose rebuildBundles bindings@1.2.1
237 info install bindings@1.2.1
238 silly gunzTarPerm extractEntry doc/buffers.md
239 silly gunzTarPerm modified mode [ 'doc/buffers.md', 436, 438 ]
240 silly gunzTarPerm extractEntry doc/callback.md
241 silly gunzTarPerm modified mode [ 'doc/callback.md', 436, 438 ]
242 info postinstall bindings@1.2.1
243 verbose unlock done using C:\Users\jgardner\AppData\Roaming\npm-cache\_locks\bindings-2006a75c93b56e09.lock for C:\Users\jgardner\Documents\GitHub\stalker-service\node_modules\bcrypt\node_modules\bindings
244 silly gunzTarPerm extractEntry doc/converters.md
245 silly gunzTarPerm modified mode [ 'doc/converters.md', 436, 438 ]
246 silly gunzTarPerm extractEntry doc/errors.md
247 silly gunzTarPerm modified mode [ 'doc/errors.md', 436, 438 ]
248 silly gunzTarPerm extractEntry doc/maybe_types.md
249 silly gunzTarPerm modified mode [ 'doc/maybe_types.md', 436, 438 ]
250 silly gunzTarPerm extractEntry doc/methods.md
251 silly gunzTarPerm modified mode [ 'doc/methods.md', 436, 438 ]
252 silly gunzTarPerm extractEntry doc/asyncworker.md
253 silly gunzTarPerm modified mode [ 'doc/asyncworker.md', 436, 438 ]
254 silly gunzTarPerm extractEntry doc/node_misc.md
255 silly gunzTarPerm modified mode [ 'doc/node_misc.md', 436, 438 ]
256 silly gunzTarPerm extractEntry doc/persistent.md
257 silly gunzTarPerm modified mode [ 'doc/persistent.md', 436, 438 ]
258 silly gunzTarPerm extractEntry doc/scopes.md
259 silly gunzTarPerm modified mode [ 'doc/scopes.md', 436, 438 ]
260 silly gunzTarPerm extractEntry doc/script.md
261 silly gunzTarPerm modified mode [ 'doc/script.md', 436, 438 ]
262 silly gunzTarPerm extractEntry doc/string_bytes.md
263 silly gunzTarPerm modified mode [ 'doc/string_bytes.md', 436, 438 ]
264 silly gunzTarPerm extractEntry doc/v8_internals.md
265 silly gunzTarPerm modified mode [ 'doc/v8_internals.md', 436, 438 ]
266 silly gunzTarPerm extractEntry doc/v8_misc.md
267 silly gunzTarPerm modified mode [ 'doc/v8_misc.md', 436, 438 ]
268 silly gunzTarPerm extractEntry nan.h
269 silly gunzTarPerm modified mode [ 'nan.h', 436, 438 ]
270 silly gunzTarPerm extractEntry nan_callbacks.h
271 silly gunzTarPerm modified mode [ 'nan_callbacks.h', 436, 438 ]
272 silly gunzTarPerm extractEntry nan_callbacks_12_inl.h
273 silly gunzTarPerm modified mode [ 'nan_callbacks_12_inl.h', 436, 438 ]
274 silly gunzTarPerm extractEntry nan_callbacks_pre_12_inl.h
275 silly gunzTarPerm modified mode [ 'nan_callbacks_pre_12_inl.h', 436, 438 ]
276 silly gunzTarPerm extractEntry nan_converters_43_inl.h
277 silly gunzTarPerm modified mode [ 'nan_converters_43_inl.h', 436, 438 ]
278 silly gunzTarPerm extractEntry nan_converters_pre_43_inl.h
279 silly gunzTarPerm modified mode [ 'nan_converters_pre_43_inl.h', 436, 438 ]
280 silly gunzTarPerm extractEntry nan_implementation_12_inl.h
281 silly gunzTarPerm modified mode [ 'nan_implementation_12_inl.h', 436, 438 ]
282 silly gunzTarPerm extractEntry nan_implementation_pre_12_inl.h
283 silly gunzTarPerm modified mode [ 'nan_implementation_pre_12_inl.h', 436, 438 ]
284 silly gunzTarPerm extractEntry nan_maybe_43_inl.h
285 silly gunzTarPerm modified mode [ 'nan_maybe_43_inl.h', 436, 438 ]
286 silly gunzTarPerm extractEntry nan_maybe_pre_43_inl.h
287 silly gunzTarPerm modified mode [ 'nan_maybe_pre_43_inl.h', 436, 438 ]
288 silly gunzTarPerm extractEntry nan_new.h
289 silly gunzTarPerm modified mode [ 'nan_new.h', 436, 438 ]
290 silly gunzTarPerm extractEntry nan_object_wrap.h
291 silly gunzTarPerm modified mode [ 'nan_object_wrap.h', 436, 438 ]
292 silly gunzTarPerm extractEntry nan_persistent_12_inl.h
293 silly gunzTarPerm modified mode [ 'nan_persistent_12_inl.h', 436, 438 ]
294 silly gunzTarPerm extractEntry nan_persistent_pre_12_inl.h
295 silly gunzTarPerm modified mode [ 'nan_persistent_pre_12_inl.h', 436, 438 ]
296 silly gunzTarPerm extractEntry nan_string_bytes.h
297 silly gunzTarPerm modified mode [ 'nan_string_bytes.h', 436, 438 ]
298 silly gunzTarPerm extractEntry nan_weak.h
299 silly gunzTarPerm modified mode [ 'nan_weak.h', 436, 438 ]
300 silly gunzTarPerm extractEntry CHANGELOG.md
301 silly gunzTarPerm modified mode [ 'CHANGELOG.md', 436, 438 ]
302 silly gunzTarPerm extractEntry tools/package.json
303 silly gunzTarPerm modified mode [ 'tools/package.json', 436, 438 ]
304 silly gunzTarPerm extractEntry tools/README.md
305 silly gunzTarPerm modified mode [ 'tools/README.md', 436, 438 ]
306 silly gunzTarPerm extractEntry tools/1to2.js
307 silly gunzTarPerm modified mode [ 'tools/1to2.js', 509, 511 ]
308 verbose write writing to C:\Users\jgardner\Documents\GitHub\stalker-service\node_modules\bcrypt\node_modules\nan\package.json
309 info preinstall nan@2.0.5
310 verbose readDependencies loading dependencies from C:\Users\jgardner\Documents\GitHub\stalker-service\node_modules\bcrypt\node_modules\nan\package.json
311 verbose readDependencies loading dependencies from C:\Users\jgardner\Documents\GitHub\stalker-service\node_modules\bcrypt\node_modules\nan\package.json
312 silly install resolved []
313 verbose about to build C:\Users\jgardner\Documents\GitHub\stalker-service\node_modules\bcrypt\node_modules\nan
314 info build C:\Users\jgardner\Documents\GitHub\stalker-service\node_modules\bcrypt\node_modules\nan
315 info linkStuff nan@2.0.5
316 silly linkStuff nan@2.0.5 has C:\Users\jgardner\Documents\GitHub\stalker-service\node_modules\bcrypt\node_modules as its parent node_modules
317 verbose linkBins nan@2.0.5
318 verbose linkMans nan@2.0.5
319 verbose rebuildBundles nan@2.0.5
320 info install nan@2.0.5
321 info postinstall nan@2.0.5
322 verbose unlock done using C:\Users\jgardner\AppData\Roaming\npm-cache\_locks\nan-e0fd4fe5a6e7e688.lock for C:\Users\jgardner\Documents\GitHub\stalker-service\node_modules\bcrypt\node_modules\nan
323 verbose about to build C:\Users\jgardner\Documents\GitHub\stalker-service\node_modules\bcrypt
324 info build C:\Users\jgardner\Documents\GitHub\stalker-service\node_modules\bcrypt
325 info linkStuff bcrypt@0.8.5
326 silly linkStuff bcrypt@0.8.5 has C:\Users\jgardner\Documents\GitHub\stalker-service\node_modules as its parent node_modules
327 verbose linkBins bcrypt@0.8.5
328 verbose linkMans bcrypt@0.8.5
329 verbose rebuildBundles bcrypt@0.8.5
330 verbose rebuildBundles [ 'bindings', 'nan' ]
331 info install bcrypt@0.8.5
332 verbose unsafe-perm in lifecycle true
333 info bcrypt@0.8.5 Failed to exec install script
334 verbose unlock done using C:\Users\jgardner\AppData\Roaming\npm-cache\_locks\bcrypt-6f8f118873ac3e69.lock for C:\Users\jgardner\Documents\GitHub\stalker-service\node_modules\bcrypt
335 verbose stack Error: bcrypt@0.8.5 install: `node-gyp rebuild`
335 verbose stack Exit status 1
335 verbose stack     at EventEmitter.<anonymous> (C:\Program Files\nodejs\node_modules\npm\lib\utils\lifecycle.js:213:16)
335 verbose stack     at EventEmitter.emit (events.js:110:17)
335 verbose stack     at ChildProcess.<anonymous> (C:\Program Files\nodejs\node_modules\npm\lib\utils\spawn.js:24:14)
335 verbose stack     at ChildProcess.emit (events.js:110:17)
335 verbose stack     at maybeClose (child_process.js:1015:16)
335 verbose stack     at Process.ChildProcess._handle.onexit (child_process.js:1087:5)
336 verbose pkgid bcrypt@0.8.5
337 verbose cwd C:\Users\jgardner\Documents\GitHub\stalker-service
338 error Windows_NT 6.1.7601
339 error argv "C:\\Program Files\\nodejs\\\\node.exe" "C:\\Program Files\\nodejs\\node_modules\\npm\\bin\\npm-cli.js" "install" "bcrypt"
340 error node v0.12.4
341 error npm  v2.10.1
342 error code ELIFECYCLE
343 error bcrypt@0.8.5 install: `node-gyp rebuild`
343 error Exit status 1
344 error Failed at the bcrypt@0.8.5 install script 'node-gyp rebuild'.
344 error This is most likely a problem with the bcrypt package,
344 error not with npm itself.
344 error Tell the author that this fails on your system:
344 error     node-gyp rebuild
344 error You can get their info via:
344 error     npm owner ls bcrypt
344 error There is likely additional logging output above.
345 verbose exit [ 1, true ]
346 verbose unbuild node_modules\bcrypt
347 info preuninstall bcrypt@0.8.5
348 info uninstall bcrypt@0.8.5
349 verbose unbuild rmStuff bcrypt@0.8.5 from C:\Users\jgardner\Documents\GitHub\stalker-service\node_modules
350 info postuninstall bcrypt@0.8.5
351 silly gentlyRm C:\Users\jgardner\Documents\GitHub\stalker-service\node_modules\bcrypt is being purged from base C:\Users\jgardner\Documents\GitHub\stalker-service
352 verbose gentlyRm don't care about contents; nuking C:\Users\jgardner\Documents\GitHub\stalker-service\node_modules\bcrypt
353 silly vacuum-fs purging C:\Users\jgardner\Documents\GitHub\stalker-service\node_modules\bcrypt
354 silly vacuum-fs quitting because other entries in C:\Users\jgardner\Documents\GitHub\stalker-service\node_modules
